2022-05-15 11:08:55.529 INFO  (main) [   ] o.e.j.u.log Logging initialized @1549ms to org.eclipse.jetty.util.log.Slf4jLog
2022-05-15 11:08:55.856 INFO  (main) [   ] o.e.j.s.Server jetty-9.4.44.v20210927; built: 2021-09-27T23:02:44.612Z; git: 8da83308eeca865e495e53ef315a249d63ba9332; jvm 18+36-2087
2022-05-15 11:08:55.864 INFO  (main) [   ] o.e.j.d.p.ScanningAppProvider Deployment monitor [file:///Users/vedantnibandhe/Desktop/solr-8.11.1/server/contexts/] at interval 0
2022-05-15 11:08:56.215 INFO  (main) [   ] o.e.j.w.StandardDescriptorProcessor NO JSP Support for /solr, did not find org.apache.jasper.servlet.JspServlet
2022-05-15 11:08:56.230 INFO  (main) [   ] o.e.j.s.session DefaultSessionIdManager workerName=node0
2022-05-15 11:08:56.230 INFO  (main) [   ] o.e.j.s.session No SessionScavenger set, using defaults
2022-05-15 11:08:56.236 INFO  (main) [   ] o.e.j.s.session node0 Scavenging every 660000ms
2022-05-15 11:08:56.292 INFO  (main) [   ] o.a.s.s.SolrDispatchFilter Using logger factory org.apache.logging.slf4j.Log4jLoggerFactory
2022-05-15 11:08:56.296 INFO  (main) [   ] o.a.s.s.SolrDispatchFilter  ___      _       Welcome to Apache Solr™ version 8.11.1
2022-05-15 11:08:56.296 INFO  (main) [   ] o.a.s.s.SolrDispatchFilter / __| ___| |_ _   Starting in standalone mode on port 8983
2022-05-15 11:08:56.296 INFO  (main) [   ] o.a.s.s.SolrDispatchFilter \__ \/ _ \ | '_|  Install dir: /Users/vedantnibandhe/desktop/solr-8.11.1
2022-05-15 11:08:56.297 INFO  (main) [   ] o.a.s.s.SolrDispatchFilter |___/\___/_|_|    Start time: 2022-05-15T11:08:56.297183Z
2022-05-15 11:08:56.311 INFO  (main) [   ] o.a.s.c.SolrPaths Using system property solr.solr.home: /Users/vedantnibandhe/desktop/solr-8.11.1/server/solr
2022-05-15 11:08:56.312 INFO  (main) [   ] o.a.s.c.SolrXmlConfig Loading container configuration from /Users/vedantnibandhe/desktop/solr-8.11.1/server/solr/solr.xml
2022-05-15 11:08:56.441 INFO  (main) [   ] o.a.s.c.SolrXmlConfig MBean server found: com.sun.jmx.mbeanserver.JmxMBeanServer@5524cca1, but no JMX reporters were configured - adding default JMX reporter.
2022-05-15 11:08:57.102 INFO  (main) [   ] o.a.s.h.c.HttpShardHandlerFactory Host whitelist initialized: WhitelistHostChecker [whitelistHosts=null, whitelistHostCheckingEnabled=true]
2022-05-15 11:08:57.289 WARN  (main) [   ] o.e.j.u.s.S.config Trusting all certificates configured for Client@5524b72f[provider=null,keyStore=null,trustStore=null]
2022-05-15 11:08:57.289 WARN  (main) [   ] o.e.j.u.s.S.config No Client EndPointIdentificationAlgorithm configured for Client@5524b72f[provider=null,keyStore=null,trustStore=null]
2022-05-15 11:08:57.468 WARN  (main) [   ] o.e.j.u.s.S.config Trusting all certificates configured for Client@2c7a8af2[provider=null,keyStore=null,trustStore=null]
2022-05-15 11:08:57.468 WARN  (main) [   ] o.e.j.u.s.S.config No Client EndPointIdentificationAlgorithm configured for Client@2c7a8af2[provider=null,keyStore=null,trustStore=null]
2022-05-15 11:08:57.514 WARN  (main) [   ] o.a.s.c.CoreContainer Not all security plugins configured!  authentication=disabled authorization=disabled.  Solr is only as secure as you make it. Consider configuring authentication/authorization before exposing Solr to users internal or external.  See https://s.apache.org/solrsecurity for more info
2022-05-15 11:08:57.680 INFO  (main) [   ] o.a.s.c.TransientSolrCoreCacheDefault Allocating transient core cache for max 2147483647 cores with initial capacity of 1024
2022-05-15 11:08:57.690 INFO  (main) [   ] o.a.s.h.a.MetricsHistoryHandler No .system collection, keeping metrics history in memory.
2022-05-15 11:08:57.778 INFO  (main) [   ] o.a.s.m.r.SolrJmxReporter JMX monitoring for 'solr.node' (registry 'solr.node') enabled at server: com.sun.jmx.mbeanserver.JmxMBeanServer@5524cca1
2022-05-15 11:08:57.779 INFO  (main) [   ] o.a.s.m.r.SolrJmxReporter JMX monitoring for 'solr.jvm' (registry 'solr.jvm') enabled at server: com.sun.jmx.mbeanserver.JmxMBeanServer@5524cca1
2022-05-15 11:08:57.783 INFO  (main) [   ] o.a.s.m.r.SolrJmxReporter JMX monitoring for 'solr.jetty' (registry 'solr.jetty') enabled at server: com.sun.jmx.mbeanserver.JmxMBeanServer@5524cca1
2022-05-15 11:08:57.836 INFO  (main) [   ] o.a.s.c.CorePropertiesLocator Found 3 core definitions underneath /Users/vedantnibandhe/desktop/solr-8.11.1/server/solr
2022-05-15 11:08:57.837 INFO  (main) [   ] o.a.s.c.CorePropertiesLocator Cores are: [travelop, nutch, travel]
2022-05-15 11:08:58.069 INFO  (main) [   ] o.e.j.s.h.ContextHandler Started o.e.j.w.WebAppContext@74e47444{/solr,file:///Users/vedantnibandhe/Desktop/solr-8.11.1/server/solr-webapp/webapp/,AVAILABLE}{/Users/vedantnibandhe/Desktop/solr-8.11.1/server/solr-webapp/webapp}
2022-05-15 11:08:58.075 INFO  (coreLoadExecutor-13-thread-3) [   x:travel] o.a.s.c.SolrConfig Using Lucene MatchVersion: 8.11.1
2022-05-15 11:08:58.075 INFO  (coreLoadExecutor-13-thread-1) [   x:travelop] o.a.s.c.SolrConfig Using Lucene MatchVersion: 8.11.1
2022-05-15 11:08:58.081 INFO  (coreLoadExecutor-13-thread-2) [   x:nutch] o.a.s.c.SolrConfig Using Lucene MatchVersion: 8.11.1
2022-05-15 11:08:58.108 INFO  (main) [   ] o.e.j.s.AbstractConnector Started ServerConnector@23d1e5d0{HTTP/1.1, (http/1.1, h2c)}{0.0.0.0:8983}
2022-05-15 11:08:58.109 INFO  (main) [   ] o.e.j.s.Server Started @4130ms
2022-05-15 11:08:58.155 WARN  (coreLoadExecutor-13-thread-1) [   x:travelop] o.a.s.c.SolrConfig solrconfig.xml: <jmx> is no longer supported, use solr.xml:/metrics/reporter section instead
2022-05-15 11:08:58.155 WARN  (coreLoadExecutor-13-thread-3) [   x:travel] o.a.s.c.SolrConfig solrconfig.xml: <jmx> is no longer supported, use solr.xml:/metrics/reporter section instead
2022-05-15 11:08:58.155 WARN  (coreLoadExecutor-13-thread-2) [   x:nutch] o.a.s.c.SolrConfig solrconfig.xml: <jmx> is no longer supported, use solr.xml:/metrics/reporter section instead
2022-05-15 11:08:58.268 INFO  (coreLoadExecutor-13-thread-2) [   x:nutch] o.a.s.s.IndexSchema Schema name=nutch
2022-05-15 11:08:58.271 INFO  (coreLoadExecutor-13-thread-1) [   x:travelop] o.a.s.s.IndexSchema Schema name=nutch
2022-05-15 11:08:58.271 INFO  (coreLoadExecutor-13-thread-3) [   x:travel] o.a.s.s.IndexSchema Schema name=nutch
2022-05-15 11:08:58.306 WARN  (coreLoadExecutor-13-thread-1) [   x:travelop] o.a.s.D.s.TrieDateField Solr loaded a deprecated plugin/analysis class [solr.TrieDateField]. Please consult documentation how to replace it accordingly.
2022-05-15 11:08:58.309 WARN  (coreLoadExecutor-13-thread-1) [   x:travelop] o.a.s.D.s.TrieDoubleField Solr loaded a deprecated plugin/analysis class [solr.TrieDoubleField]. Please consult documentation how to replace it accordingly.
2022-05-15 11:08:58.309 WARN  (coreLoadExecutor-13-thread-3) [   x:travel] o.a.s.D.s.TrieFloatField Solr loaded a deprecated plugin/analysis class [solr.TrieFloatField]. Please consult documentation how to replace it accordingly.
2022-05-15 11:08:58.312 WARN  (coreLoadExecutor-13-thread-3) [   x:travel] o.a.s.D.s.TrieIntField Solr loaded a deprecated plugin/analysis class [solr.TrieIntField]. Please consult documentation how to replace it accordingly.
2022-05-15 11:08:58.314 WARN  (coreLoadExecutor-13-thread-2) [   x:nutch] o.a.s.D.s.LatLonType Solr loaded a deprecated plugin/analysis class [solr.LatLonType]. Please consult documentation how to replace it accordingly.
2022-05-15 11:08:58.317 WARN  (coreLoadExecutor-13-thread-2) [   x:nutch] o.a.s.D.s.TrieLongField Solr loaded a deprecated plugin/analysis class [solr.TrieLongField]. Please consult documentation how to replace it accordingly.
2022-05-15 11:08:58.440 WARN  (coreLoadExecutor-13-thread-2) [   x:nutch] o.a.s.D.s.SynonymFilterFactory Solr loaded a deprecated plugin/analysis class [solr.SynonymFilterFactory]. Please consult documentation how to replace it accordingly.
2022-05-15 11:08:58.463 WARN  (coreLoadExecutor-13-thread-3) [   x:travel] o.a.s.D.s.WordDelimiterFilterFactory Solr loaded a deprecated plugin/analysis class [solr.WordDelimiterFilterFactory]. Please consult documentation how to replace it accordingly.
2022-05-15 11:08:58.658 INFO  (coreLoadExecutor-13-thread-3) [   x:travel] o.a.s.s.IndexSchema Loaded schema nutch/1.5 with uniqueid field id
2022-05-15 11:08:58.658 INFO  (coreLoadExecutor-13-thread-1) [   x:travelop] o.a.s.s.IndexSchema Loaded schema nutch/1.5 with uniqueid field id
2022-05-15 11:08:58.666 INFO  (coreLoadExecutor-13-thread-2) [   x:nutch] o.a.s.s.IndexSchema Loaded schema nutch/1.5 with uniqueid field id
2022-05-15 11:08:58.715 INFO  (coreLoadExecutor-13-thread-1) [   x:travelop] o.a.s.c.CoreContainer Creating SolrCore 'travelop' using configuration from instancedir /Users/vedantnibandhe/desktop/solr-8.11.1/server/solr/travelop, trusted=true
2022-05-15 11:08:58.715 INFO  (coreLoadExecutor-13-thread-3) [   x:travel] o.a.s.c.CoreContainer Creating SolrCore 'travel' using configuration from instancedir /Users/vedantnibandhe/desktop/solr-8.11.1/server/solr/travel, trusted=true
2022-05-15 11:08:58.730 INFO  (coreLoadExecutor-13-thread-2) [   x:nutch] o.a.s.c.CoreContainer Creating SolrCore 'nutch' using configuration from instancedir /Users/vedantnibandhe/desktop/solr-8.11.1/server/solr/nutch, trusted=true
2022-05-15 11:08:58.798 INFO  (coreLoadExecutor-13-thread-1) [   x:travelop] o.a.s.m.r.SolrJmxReporter JMX monitoring for 'solr.core.travelop' (registry 'solr.core.travelop') enabled at server: com.sun.jmx.mbeanserver.JmxMBeanServer@5524cca1
2022-05-15 11:08:58.798 INFO  (coreLoadExecutor-13-thread-3) [   x:travel] o.a.s.m.r.SolrJmxReporter JMX monitoring for 'solr.core.travel' (registry 'solr.core.travel') enabled at server: com.sun.jmx.mbeanserver.JmxMBeanServer@5524cca1
2022-05-15 11:08:58.797 INFO  (coreLoadExecutor-13-thread-2) [   x:nutch] o.a.s.m.r.SolrJmxReporter JMX monitoring for 'solr.core.nutch' (registry 'solr.core.nutch') enabled at server: com.sun.jmx.mbeanserver.JmxMBeanServer@5524cca1
2022-05-15 11:08:58.810 INFO  (coreLoadExecutor-13-thread-3) [   x:travel] o.a.s.c.SolrCore [[travel] ] Opening new SolrCore at [/Users/vedantnibandhe/desktop/solr-8.11.1/server/solr/travel], dataDir=[/Users/vedantnibandhe/desktop/solr-8.11.1/server/solr/travel/data/]
2022-05-15 11:08:58.810 INFO  (coreLoadExecutor-13-thread-1) [   x:travelop] o.a.s.c.SolrCore [[travelop] ] Opening new SolrCore at [/Users/vedantnibandhe/desktop/solr-8.11.1/server/solr/travelop], dataDir=[/Users/vedantnibandhe/desktop/solr-8.11.1/server/solr/travelop/data/]
2022-05-15 11:08:58.810 INFO  (coreLoadExecutor-13-thread-2) [   x:nutch] o.a.s.c.SolrCore [[nutch] ] Opening new SolrCore at [/Users/vedantnibandhe/desktop/solr-8.11.1/server/solr/nutch], dataDir=[/Users/vedantnibandhe/desktop/solr-8.11.1/server/solr/nutch/data/]
2022-05-15 11:08:59.821 INFO  (coreLoadExecutor-13-thread-1) [   x:travelop] o.a.s.u.UpdateHandler Using UpdateLog implementation: org.apache.solr.update.UpdateLog
2022-05-15 11:08:59.821 INFO  (coreLoadExecutor-13-thread-3) [   x:travel] o.a.s.u.UpdateHandler Using UpdateLog implementation: org.apache.solr.update.UpdateLog
2022-05-15 11:08:59.821 INFO  (coreLoadExecutor-13-thread-2) [   x:nutch] o.a.s.u.UpdateHandler Using UpdateLog implementation: org.apache.solr.update.UpdateLog
2022-05-15 11:08:59.822 INFO  (coreLoadExecutor-13-thread-3) [   x:travel] o.a.s.u.UpdateLog Initializing UpdateLog: dataDir= defaultSyncLevel=FLUSH numRecordsToKeep=100 maxNumLogsToKeep=10 numVersionBuckets=65536
2022-05-15 11:08:59.822 INFO  (coreLoadExecutor-13-thread-2) [   x:nutch] o.a.s.u.UpdateLog Initializing UpdateLog: dataDir= defaultSyncLevel=FLUSH numRecordsToKeep=100 maxNumLogsToKeep=10 numVersionBuckets=65536
2022-05-15 11:08:59.822 INFO  (coreLoadExecutor-13-thread-1) [   x:travelop] o.a.s.u.UpdateLog Initializing UpdateLog: dataDir= defaultSyncLevel=FLUSH numRecordsToKeep=100 maxNumLogsToKeep=10 numVersionBuckets=65536
2022-05-15 11:08:59.847 INFO  (coreLoadExecutor-13-thread-3) [   x:travel] o.a.s.u.CommitTracker Hard AutoCommit: if uncommitted for 15000ms; 
2022-05-15 11:08:59.847 INFO  (coreLoadExecutor-13-thread-2) [   x:nutch] o.a.s.u.CommitTracker Hard AutoCommit: if uncommitted for 15000ms; 
2022-05-15 11:08:59.848 INFO  (coreLoadExecutor-13-thread-2) [   x:nutch] o.a.s.u.CommitTracker Soft AutoCommit: disabled
2022-05-15 11:08:59.848 INFO  (coreLoadExecutor-13-thread-3) [   x:travel] o.a.s.u.CommitTracker Soft AutoCommit: disabled
2022-05-15 11:08:59.855 INFO  (coreLoadExecutor-13-thread-1) [   x:travelop] o.a.s.u.CommitTracker Hard AutoCommit: if uncommitted for 15000ms; 
2022-05-15 11:08:59.856 INFO  (coreLoadExecutor-13-thread-1) [   x:travelop] o.a.s.u.CommitTracker Soft AutoCommit: disabled
2022-05-15 11:09:00.063 INFO  (coreLoadExecutor-13-thread-2) [   x:nutch] o.a.s.r.ManagedResourceStorage File-based storage initialized to use dir: /Users/vedantnibandhe/desktop/solr-8.11.1/server/solr/nutch/conf
2022-05-15 11:09:00.063 INFO  (coreLoadExecutor-13-thread-1) [   x:travelop] o.a.s.r.ManagedResourceStorage File-based storage initialized to use dir: /Users/vedantnibandhe/desktop/solr-8.11.1/server/solr/travelop/conf
2022-05-15 11:09:00.063 INFO  (coreLoadExecutor-13-thread-3) [   x:travel] o.a.s.r.ManagedResourceStorage File-based storage initialized to use dir: /Users/vedantnibandhe/desktop/solr-8.11.1/server/solr/travel/conf
2022-05-15 11:09:00.076 INFO  (coreLoadExecutor-13-thread-1) [   x:travelop] o.a.s.h.c.SpellCheckComponent Initializing spell checkers
2022-05-15 11:09:00.076 INFO  (coreLoadExecutor-13-thread-3) [   x:travel] o.a.s.h.c.SpellCheckComponent Initializing spell checkers
2022-05-15 11:09:00.076 INFO  (coreLoadExecutor-13-thread-2) [   x:nutch] o.a.s.h.c.SpellCheckComponent Initializing spell checkers
2022-05-15 11:09:00.082 INFO  (coreLoadExecutor-13-thread-3) [   x:travel] o.a.s.s.DirectSolrSpellChecker init: {name=default,field=_text_,classname=solr.DirectSolrSpellChecker,distanceMeasure=internal,accuracy=0.5,maxQueryFrequency=0.01,maxEdits=2,minPrefix=1,maxInspections=5,minQueryLength=4}
2022-05-15 11:09:00.082 INFO  (coreLoadExecutor-13-thread-1) [   x:travelop] o.a.s.s.DirectSolrSpellChecker init: {name=default,field=_text_,classname=solr.DirectSolrSpellChecker,distanceMeasure=internal,accuracy=0.5,maxQueryFrequency=0.01,maxEdits=2,minPrefix=1,maxInspections=5,minQueryLength=4}
2022-05-15 11:09:00.082 INFO  (coreLoadExecutor-13-thread-2) [   x:nutch] o.a.s.s.DirectSolrSpellChecker init: {name=default,field=_text_,classname=solr.DirectSolrSpellChecker,distanceMeasure=internal,accuracy=0.5,maxQueryFrequency=0.01,maxEdits=2,minPrefix=1,maxInspections=5,minQueryLength=4}
2022-05-15 11:09:00.121 INFO  (coreLoadExecutor-13-thread-1) [   x:travelop] o.a.s.h.ReplicationHandler Commits will be reserved for 10000 ms
2022-05-15 11:09:00.121 INFO  (coreLoadExecutor-13-thread-2) [   x:nutch] o.a.s.h.ReplicationHandler Commits will be reserved for 10000 ms
2022-05-15 11:09:00.121 INFO  (coreLoadExecutor-13-thread-3) [   x:travel] o.a.s.h.ReplicationHandler Commits will be reserved for 10000 ms
2022-05-15 11:09:00.139 INFO  (searcherExecutor-19-thread-1-processing-x:travel) [   x:travel] o.a.s.c.QuerySenderListener QuerySenderListener done.
2022-05-15 11:09:00.139 INFO  (searcherExecutor-19-thread-1-processing-x:travel) [   x:travel] o.a.s.h.c.SpellCheckComponent Loading spell index for spellchecker: default
2022-05-15 11:09:00.139 INFO  (searcherExecutor-18-thread-1-processing-x:nutch) [   x:nutch] o.a.s.c.QuerySenderListener QuerySenderListener done.
2022-05-15 11:09:00.139 INFO  (searcherExecutor-18-thread-1-processing-x:nutch) [   x:nutch] o.a.s.h.c.SpellCheckComponent Loading spell index for spellchecker: default
2022-05-15 11:09:00.159 INFO  (searcherExecutor-17-thread-1-processing-x:travelop) [   x:travelop] o.a.s.c.QuerySenderListener QuerySenderListener done.
2022-05-15 11:09:00.159 INFO  (searcherExecutor-17-thread-1-processing-x:travelop) [   x:travelop] o.a.s.h.c.SpellCheckComponent Loading spell index for spellchecker: default
2022-05-15 11:09:00.162 INFO  (searcherExecutor-18-thread-1-processing-x:nutch) [   x:nutch] o.a.s.c.SolrCore [nutch]  Registered new searcher autowarm time: 0 ms
2022-05-15 11:09:00.162 INFO  (searcherExecutor-19-thread-1-processing-x:travel) [   x:travel] o.a.s.c.SolrCore [travel]  Registered new searcher autowarm time: 0 ms
2022-05-15 11:09:00.169 INFO  (searcherExecutor-17-thread-1-processing-x:travelop) [   x:travelop] o.a.s.c.SolrCore [travelop]  Registered new searcher autowarm time: 0 ms
2022-05-15 11:12:35.538 INFO  (qtp1311844206-25) [   x:travelop] o.a.s.c.S.Request [travelop]  webapp=/solr path=/query params={q=Cheap+flights+in+Dallas&df=text&row=30} hits=1083 status=0 QTime=76
2022-05-15 11:13:07.983 INFO  (qtp1311844206-21) [   x:travelop] o.a.s.c.S.Request [travelop]  webapp=/solr path=/query params={q=rent+a+car&df=text&row=30} hits=1095 status=0 QTime=19
2022-05-15 11:13:52.291 INFO  (qtp1311844206-22) [   x:travelop] o.a.s.c.S.Request [travelop]  webapp=/solr path=/query params={q=rent+a+car&df=text&row=30} hits=1095 status=0 QTime=8
2022-05-15 11:15:08.556 INFO  (ShutdownMonitor) [   ] o.e.j.s.AbstractConnector Stopped ServerConnector@23d1e5d0{HTTP/1.1, (http/1.1, h2c)}{0.0.0.0:8983}
2022-05-15 11:15:08.556 INFO  (ShutdownMonitor) [   ] o.e.j.s.session node0 Stopped scavenging
2022-05-15 11:15:08.565 INFO  (ShutdownMonitor) [   ] o.a.s.c.CoreContainer Shutting down CoreContainer instance=303846650
2022-05-15 11:15:08.572 INFO  (coreCloseExecutor-33-thread-1) [   ] o.a.s.c.SolrCore [travel]  CLOSING SolrCore org.apache.solr.core.SolrCore@58b3c6
2022-05-15 11:15:08.572 INFO  (coreCloseExecutor-33-thread-1) [   ] o.a.s.m.SolrMetricManager Closing metric reporters for registry=solr.core.travel tag=SolrCore@58b3c6
2022-05-15 11:15:08.572 INFO  (coreCloseExecutor-33-thread-1) [   ] o.a.s.m.r.SolrJmxReporter Closing reporter [org.apache.solr.metrics.reporters.SolrJmxReporter@1a28d79f: rootName = null, domain = solr.core.travel, service url = null, agent id = null] for registry solr.core.travel/com.codahale.metrics.MetricRegistry@78544c95
2022-05-15 11:15:08.573 INFO  (coreCloseExecutor-33-thread-2) [   ] o.a.s.c.SolrCore [nutch]  CLOSING SolrCore org.apache.solr.core.SolrCore@4726abb1
2022-05-15 11:15:08.574 INFO  (coreCloseExecutor-33-thread-3) [   ] o.a.s.c.SolrCore [travelop]  CLOSING SolrCore org.apache.solr.core.SolrCore@33a7d734
2022-05-15 11:15:08.612 INFO  (coreCloseExecutor-33-thread-2) [   ] o.a.s.m.SolrMetricManager Closing metric reporters for registry=solr.core.nutch tag=SolrCore@4726abb1
2022-05-15 11:15:08.612 INFO  (coreCloseExecutor-33-thread-2) [   ] o.a.s.m.r.SolrJmxReporter Closing reporter [org.apache.solr.metrics.reporters.SolrJmxReporter@7d887a78: rootName = null, domain = solr.core.nutch, service url = null, agent id = null] for registry solr.core.nutch/com.codahale.metrics.MetricRegistry@3563e624
2022-05-15 11:15:08.618 INFO  (coreCloseExecutor-33-thread-1) [   ] o.a.s.u.DirectUpdateHandler2 Committing on IndexWriter.close()  ... SKIPPED (unnecessary).
2022-05-15 11:15:08.641 INFO  (coreCloseExecutor-33-thread-3) [   ] o.a.s.m.SolrMetricManager Closing metric reporters for registry=solr.core.travelop tag=SolrCore@33a7d734
2022-05-15 11:15:08.642 INFO  (coreCloseExecutor-33-thread-3) [   ] o.a.s.m.r.SolrJmxReporter Closing reporter [org.apache.solr.metrics.reporters.SolrJmxReporter@463705a1: rootName = null, domain = solr.core.travelop, service url = null, agent id = null] for registry solr.core.travelop/com.codahale.metrics.MetricRegistry@7ae90e74
2022-05-15 11:15:08.643 INFO  (coreCloseExecutor-33-thread-2) [   ] o.a.s.u.DirectUpdateHandler2 Committing on IndexWriter.close()  ... SKIPPED (unnecessary).
2022-05-15 11:15:08.650 INFO  (coreCloseExecutor-33-thread-3) [   ] o.a.s.u.DirectUpdateHandler2 Committing on IndexWriter.close()  ... SKIPPED (unnecessary).
2022-05-15 11:15:08.658 INFO  (ShutdownMonitor) [   ] o.a.s.m.SolrMetricManager Closing metric reporters for registry=solr.node tag=null
2022-05-15 11:15:08.659 INFO  (ShutdownMonitor) [   ] o.a.s.m.r.SolrJmxReporter Closing reporter [org.apache.solr.metrics.reporters.SolrJmxReporter@6af5bbd0: rootName = null, domain = solr.node, service url = null, agent id = null] for registry solr.node/com.codahale.metrics.MetricRegistry@76b832ca
2022-05-15 11:15:08.664 INFO  (ShutdownMonitor) [   ] o.a.s.m.SolrMetricManager Closing metric reporters for registry=solr.jvm tag=null
2022-05-15 11:15:08.664 INFO  (ShutdownMonitor) [   ] o.a.s.m.r.SolrJmxReporter Closing reporter [org.apache.solr.metrics.reporters.SolrJmxReporter@7d57dbb5: rootName = null, domain = solr.jvm, service url = null, agent id = null] for registry solr.jvm/com.codahale.metrics.MetricRegistry@71292352
2022-05-15 11:15:08.666 INFO  (ShutdownMonitor) [   ] o.a.s.m.SolrMetricManager Closing metric reporters for registry=solr.jetty tag=null
2022-05-15 11:15:08.666 INFO  (ShutdownMonitor) [   ] o.a.s.m.r.SolrJmxReporter Closing reporter [org.apache.solr.metrics.reporters.SolrJmxReporter@630b6190: rootName = null, domain = solr.jetty, service url = null, agent id = null] for registry solr.jetty/com.codahale.metrics.MetricRegistry@2ace3c6d
2022-05-15 11:15:08.679 INFO  (ShutdownMonitor) [   ] o.e.j.s.h.ContextHandler Stopped o.e.j.w.WebAppContext@74e47444{/solr,null,STOPPED}{/Users/vedantnibandhe/Desktop/solr-8.11.1/server/solr-webapp/webapp}
